<?xml version="1.0" encoding="UTF-8"?>
<testng-results skipped="0" failed="0" ignored="0" total="1" passed="1">
  <reporter-output>
  </reporter-output>
  <suite name="Default suite" duration-ms="40" started-at="2019-01-09T07:06:33Z" finished-at="2019-01-09T07:06:33Z">
    <groups>
    </groups>
    <test name="Default test" duration-ms="40" started-at="2019-01-09T07:06:33Z" finished-at="2019-01-09T07:06:33Z">
      <class name="com.learn.ds.AppTest">
        <test-method status="PASS" signature="proriyQ()[pri:0, instance:com.learn.ds.AppTest@23ceabc1]" name="proriyQ" duration-ms="14" started-at="2019-01-09T07:06:33Z" finished-at="2019-01-09T07:06:33Z">
          <reporter-output>
          </reporter-output>
        </test-method> <!-- proriyQ -->
      </class> <!-- com.learn.ds.AppTest -->
    </test> <!-- Default test -->
  </suite> <!-- Default suite -->
</testng-results>
